[35m[1mConsolidate compiler generated dependencies of target liskarm_main[0m
[ 50%] [32mBuilding CXX object CMakeFiles/liskarm_main.dir/src/main.cpp.o[0m
[01m[K/workspaces/LiDAR-Liskarm-v1/src/lidar_liskarm_v1/src/main.cpp:40:2:[m[K [01;31m[Kerror: [m[Kexpected â€˜[01m[K;[m[Kâ€™ after class definition
   40 | }
      |  [01;31m[K^[m[K
      |  [32m[K;[m[K
[01m[K/workspaces/LiDAR-Liskarm-v1/src/lidar_liskarm_v1/src/main.cpp:[m[K In constructor â€˜[01m[KLiskarm_Main::Liskarm_Main()[m[Kâ€™:
[01m[K/workspaces/LiDAR-Liskarm-v1/src/lidar_liskarm_v1/src/main.cpp:18:77:[m[K [01;31m[Kerror: [m[Kno matching function for call to â€˜[01m[KLiskarm_Main::create_publisher<std_msgs::msg::String>(const char [1])[m[Kâ€™
   18 |             state_publisher_ = [01;31m[Kthis->create_publisher<std_msgs::msg::String>("")[m[K
      |                                [01;31m[K~~~~~~~~~~~~~~~~~~~~~~~~~~~~~~~~~~~~~~~~~~~~~^~~~[m[K
In file included from [01m[K/opt/ros/humble/include/rclcpp/rclcpp/executors/single_threaded_executor.hpp:28[m[K,
                 from [01m[K/opt/ros/humble/include/rclcpp/rclcpp/executors.hpp:22[m[K,
                 from [01m[K/opt/ros/humble/include/rclcpp/rclcpp/rclcpp.hpp:155[m[K,
                 from [01m[K/workspaces/LiDAR-Liskarm-v1/src/lidar_liskarm_v1/src/main.cpp:6[m[K:
[01m[K/opt/ros/humble/include/rclcpp/rclcpp/node.hpp:195:3:[m[K [01;36m[Knote: [m[Kcandidate: â€˜[01m[Ktemplate<class MessageT, class AllocatorT, class PublisherT> std::shared_ptr<PublisherT> rclcpp::Node::create_publisher(const string&, const rclcpp::QoS&, const rclcpp::PublisherOptionsWithAllocator<AllocatorT>&)[m[Kâ€™
  195 |   [01;36m[Kcreate_publisher[m[K(
      |   [01;36m[K^~~~~~~~~~~~~~~~[m[K
[01m[K/opt/ros/humble/include/rclcpp/rclcpp/node.hpp:195:3:[m[K [01;36m[Knote: [m[K  template argument deduction/substitution failed:
[01m[K/workspaces/LiDAR-Liskarm-v1/src/lidar_liskarm_v1/src/main.cpp:18:77:[m[K [01;36m[Knote: [m[K  candidate expects 3 arguments, 1 provided
   18 |             state_publisher_ = [01;36m[Kthis->create_publisher<std_msgs::msg::String>("")[m[K
      |                                [01;36m[K~~~~~~~~~~~~~~~~~~~~~~~~~~~~~~~~~~~~~~~~~~~~~^~~~[m[K
gmake[2]: *** [CMakeFiles/liskarm_main.dir/build.make:76: CMakeFiles/liskarm_main.dir/src/main.cpp.o] Error 1
gmake[1]: *** [CMakeFiles/Makefile2:137: CMakeFiles/liskarm_main.dir/all] Error 2
gmake: *** [Makefile:146: all] Error 2
