-- Found ament_cmake: 1.3.8 (/opt/ros/humble/share/ament_cmake/cmake)
-- Found rclcpp: 16.0.8 (/opt/ros/humble/share/rclcpp/cmake)
-- Found rosidl_generator_c: 3.1.5 (/opt/ros/humble/share/rosidl_generator_c/cmake)
-- Found rosidl_adapter: 3.1.5 (/opt/ros/humble/share/rosidl_adapter/cmake)
-- Found rosidl_generator_cpp: 3.1.5 (/opt/ros/humble/share/rosidl_generator_cpp/cmake)
-- Using all available rosidl_typesupport_c: rosidl_typesupport_fastrtps_c;rosidl_typesupport_introspection_c
-- Using all available rosidl_typesupport_cpp: rosidl_typesupport_fastrtps_cpp;rosidl_typesupport_introspection_cpp
-- Found rmw_implementation_cmake: 6.1.1 (/opt/ros/humble/share/rmw_implementation_cmake/cmake)
-- Found rmw_fastrtps_cpp: 6.2.6 (/opt/ros/humble/share/rmw_fastrtps_cpp/cmake)
-- Found OpenSSL: /usr/lib/x86_64-linux-gnu/libcrypto.so (found version "3.0.2")  
-- Found FastRTPS: /opt/ros/humble/include  
-- Using RMW implementation 'rmw_fastrtps_cpp' as default
-- Looking for pthread.h
-- Looking for pthread.h - found
-- Performing Test CMAKE_HAVE_LIBC_PTHREAD
-- Performing Test CMAKE_HAVE_LIBC_PTHREAD - Success
-- Found Threads: TRUE  
-- Found ament_lint_auto: 0.12.10 (/opt/ros/humble/share/ament_lint_auto/cmake)
-- Added test 'cppcheck' to perform static code analysis on C / C++ code
-- Configured cppcheck include dirs: 
-- Configured cppcheck exclude dirs and/or files: 
-- Added test 'lint_cmake' to check CMake code style
-- Added test 'uncrustify' to check C / C++ code style
-- Configured uncrustify additional arguments: 
-- Added test 'xmllint' to check XML markup files
-- Configuring done
-- Generating done
-- Build files have been written to: /workspaces/LiDAR-Liskarm-v1/build/lidar_liskarm_v1
[ 50%] [32mBuilding CXX object CMakeFiles/liskarm_main.dir/src/main.cpp.o[0m
[01m[K/workspaces/LiDAR-Liskarm-v1/src/lidar_liskarm_v1/src/main.cpp:40:2:[m[K [01;31m[Kerror: [m[Kexpected â€˜[01m[K;[m[Kâ€™ after class definition
   40 | }
      |  [01;31m[K^[m[K
      |  [32m[K;[m[K
[01m[K/workspaces/LiDAR-Liskarm-v1/src/lidar_liskarm_v1/src/main.cpp:[m[K In constructor â€˜[01m[KLiskarm_Main::Liskarm_Main()[m[Kâ€™:
[01m[K/workspaces/LiDAR-Liskarm-v1/src/lidar_liskarm_v1/src/main.cpp:18:77:[m[K [01;31m[Kerror: [m[Kno matching function for call to â€˜[01m[KLiskarm_Main::create_publisher<std_msgs::msg::String>(const char [1])[m[Kâ€™
   18 |             state_publisher_ = [01;31m[Kthis->create_publisher<std_msgs::msg::String>("")[m[K
      |                                [01;31m[K~~~~~~~~~~~~~~~~~~~~~~~~~~~~~~~~~~~~~~~~~~~~~^~~~[m[K
In file included from [01m[K/opt/ros/humble/include/rclcpp/rclcpp/executors/single_threaded_executor.hpp:28[m[K,
                 from [01m[K/opt/ros/humble/include/rclcpp/rclcpp/executors.hpp:22[m[K,
                 from [01m[K/opt/ros/humble/include/rclcpp/rclcpp/rclcpp.hpp:155[m[K,
                 from [01m[K/workspaces/LiDAR-Liskarm-v1/src/lidar_liskarm_v1/src/main.cpp:6[m[K:
[01m[K/opt/ros/humble/include/rclcpp/rclcpp/node.hpp:195:3:[m[K [01;36m[Knote: [m[Kcandidate: â€˜[01m[Ktemplate<class MessageT, class AllocatorT, class PublisherT> std::shared_ptr<PublisherT> rclcpp::Node::create_publisher(const string&, const rclcpp::QoS&, const rclcpp::PublisherOptionsWithAllocator<AllocatorT>&)[m[Kâ€™
  195 |   [01;36m[Kcreate_publisher[m[K(
      |   [01;36m[K^~~~~~~~~~~~~~~~[m[K
[01m[K/opt/ros/humble/include/rclcpp/rclcpp/node.hpp:195:3:[m[K [01;36m[Knote: [m[K  template argument deduction/substitution failed:
[01m[K/workspaces/LiDAR-Liskarm-v1/src/lidar_liskarm_v1/src/main.cpp:18:77:[m[K [01;36m[Knote: [m[K  candidate expects 3 arguments, 1 provided
   18 |             state_publisher_ = [01;36m[Kthis->create_publisher<std_msgs::msg::String>("")[m[K
      |                                [01;36m[K~~~~~~~~~~~~~~~~~~~~~~~~~~~~~~~~~~~~~~~~~~~~~^~~~[m[K
[01m[K/workspaces/LiDAR-Liskarm-v1/src/lidar_liskarm_v1/src/main.cpp:[m[K In member function â€˜[01m[Kvoid Liskarm_Main::timer_callback()[m[Kâ€™:
[01m[K/workspaces/LiDAR-Liskarm-v1/src/lidar_liskarm_v1/src/main.cpp:31:13:[m[K [01;31m[Kerror: [m[Kâ€˜[01m[Kpublisher_[m[Kâ€™ was not declared in this scope; did you mean â€˜[01m[Krmw_publisher_t[m[Kâ€™?
   31 |             [01;31m[Kpublisher_[m[K->publish(message);
      |             [01;31m[K^~~~~~~~~~[m[K
      |             [32m[Krmw_publisher_t[m[K
gmake[2]: *** [CMakeFiles/liskarm_main.dir/build.make:76: CMakeFiles/liskarm_main.dir/src/main.cpp.o] Error 1
gmake[1]: *** [CMakeFiles/Makefile2:137: CMakeFiles/liskarm_main.dir/all] Error 2
gmake: *** [Makefile:146: all] Error 2
